{"/Users/seunggyukim/Desktop/Tech story/Server/src/controllers/articles.controller.js": {"path":"/Users/seunggyukim/Desktop/Tech story/Server/src/controllers/articles.controller.js","statementMap":{"0":{"start":{"line":1,"column":16},"end":{"line":1,"column":44}},"1":{"start":{"line":2,"column":13},"end":{"line":2,"column":38}},"2":{"start":{"line":3,"column":19},"end":{"line":3,"column":40}},"3":{"start":{"line":7,"column":4},"end":{"line":7,"column":47}},"4":{"start":{"line":9,"column":0},"end":{"line":41,"column":2}},"5":{"start":{"line":10,"column":24},"end":{"line":10,"column":32}},"6":{"start":{"line":12,"column":2},"end":{"line":40,"column":3}},"7":{"start":{"line":13,"column":20},"end":{"line":13,"column":53}},"8":{"start":{"line":14,"column":21},"end":{"line":14,"column":35}},"9":{"start":{"line":15,"column":22},"end":{"line":15,"column":39}},"10":{"start":{"line":16,"column":16},"end":{"line":16,"column":18}},"11":{"start":{"line":18,"column":4},"end":{"line":20,"column":5}},"12":{"start":{"line":19,"column":6},"end":{"line":19,"column":30}},"13":{"start":{"line":22,"column":4},"end":{"line":22,"column":48}},"14":{"start":{"line":23,"column":4},"end":{"line":26,"column":6}},"15":{"start":{"line":28,"column":4},"end":{"line":33,"column":5}},"16":{"start":{"line":29,"column":6},"end":{"line":32,"column":8}},"17":{"start":{"line":35,"column":4},"end":{"line":37,"column":75}},"18":{"start":{"line":39,"column":4},"end":{"line":39,"column":23}},"19":{"start":{"line":43,"column":0},"end":{"line":77,"column":2}},"20":{"start":{"line":44,"column":66},"end":{"line":44,"column":74}},"21":{"start":{"line":46,"column":2},"end":{"line":76,"column":3}},"22":{"start":{"line":47,"column":4},"end":{"line":73,"column":5}},"23":{"start":{"line":48,"column":22},"end":{"line":48,"column":55}},"24":{"start":{"line":50,"column":6},"end":{"line":50,"column":28}},"25":{"start":{"line":51,"column":6},"end":{"line":51,"column":45}},"26":{"start":{"line":52,"column":6},"end":{"line":52,"column":46}},"27":{"start":{"line":53,"column":6},"end":{"line":53,"column":40}},"28":{"start":{"line":55,"column":6},"end":{"line":55,"column":27}},"29":{"start":{"line":57,"column":6},"end":{"line":57,"column":69}},"30":{"start":{"line":59,"column":25},"end":{"line":65,"column":8}},"31":{"start":{"line":67,"column":6},"end":{"line":69,"column":9}},"32":{"start":{"line":71,"column":6},"end":{"line":71,"column":30}},"33":{"start":{"line":72,"column":6},"end":{"line":72,"column":72}},"34":{"start":{"line":75,"column":4},"end":{"line":75,"column":23}},"35":{"start":{"line":79,"column":0},"end":{"line":95,"column":2}},"36":{"start":{"line":80,"column":24},"end":{"line":80,"column":33}},"37":{"start":{"line":82,"column":2},"end":{"line":94,"column":3}},"38":{"start":{"line":83,"column":20},"end":{"line":83,"column":72}},"39":{"start":{"line":85,"column":27},"end":{"line":85,"column":78}},"40":{"start":{"line":87,"column":4},"end":{"line":91,"column":5}},"41":{"start":{"line":88,"column":6},"end":{"line":88,"column":70}},"42":{"start":{"line":90,"column":6},"end":{"line":90,"column":77}},"43":{"start":{"line":93,"column":4},"end":{"line":93,"column":23}},"44":{"start":{"line":97,"column":0},"end":{"line":109,"column":2}},"45":{"start":{"line":98,"column":2},"end":{"line":108,"column":3}},"46":{"start":{"line":99,"column":24},"end":{"line":99,"column":63}},"47":{"start":{"line":101,"column":4},"end":{"line":105,"column":5}},"48":{"start":{"line":102,"column":6},"end":{"line":102,"column":58}},"49":{"start":{"line":104,"column":6},"end":{"line":104,"column":77}},"50":{"start":{"line":107,"column":4},"end":{"line":107,"column":23}},"51":{"start":{"line":111,"column":0},"end":{"line":201,"column":2}},"52":{"start":{"line":112,"column":40},"end":{"line":112,"column":48}},"53":{"start":{"line":114,"column":18},"end":{"line":114,"column":51}},"54":{"start":{"line":115,"column":22},"end":{"line":124,"column":4}},"55":{"start":{"line":126,"column":28},"end":{"line":126,"column":30}},"56":{"start":{"line":128,"column":2},"end":{"line":130,"column":3}},"57":{"start":{"line":129,"column":4},"end":{"line":129,"column":47}},"58":{"start":{"line":132,"column":31},"end":{"line":134,"column":3}},"59":{"start":{"line":133,"column":12},"end":{"line":133,"column":40}},"60":{"start":{"line":136,"column":2},"end":{"line":144,"column":3}},"61":{"start":{"line":136,"column":15},"end":{"line":136,"column":16}},"62":{"start":{"line":137,"column":17},"end":{"line":137,"column":71}},"63":{"start":{"line":139,"column":4},"end":{"line":143,"column":5}},"64":{"start":{"line":140,"column":6},"end":{"line":142,"column":9}},"65":{"start":{"line":146,"column":27},"end":{"line":146,"column":29}},"66":{"start":{"line":148,"column":2},"end":{"line":152,"column":3}},"67":{"start":{"line":148,"column":15},"end":{"line":148,"column":16}},"68":{"start":{"line":149,"column":24},"end":{"line":149,"column":66}},"69":{"start":{"line":151,"column":4},"end":{"line":151,"column":39}},"70":{"start":{"line":154,"column":2},"end":{"line":164,"column":3}},"71":{"start":{"line":154,"column":15},"end":{"line":154,"column":16}},"72":{"start":{"line":155,"column":17},"end":{"line":155,"column":73}},"73":{"start":{"line":157,"column":4},"end":{"line":163,"column":5}},"74":{"start":{"line":158,"column":6},"end":{"line":158,"column":42}},"75":{"start":{"line":160,"column":6},"end":{"line":162,"column":9}},"76":{"start":{"line":166,"column":2},"end":{"line":166,"column":39}},"77":{"start":{"line":168,"column":2},"end":{"line":168,"column":23}},"78":{"start":{"line":170,"column":28},"end":{"line":189,"column":4}},"79":{"start":{"line":171,"column":4},"end":{"line":188,"column":7}},"80":{"start":{"line":172,"column":26},"end":{"line":177,"column":7}},"81":{"start":{"line":179,"column":6},"end":{"line":187,"column":9}},"82":{"start":{"line":180,"column":8},"end":{"line":186,"column":9}},"83":{"start":{"line":181,"column":10},"end":{"line":181,"column":75}},"84":{"start":{"line":182,"column":10},"end":{"line":182,"column":24}},"85":{"start":{"line":184,"column":10},"end":{"line":184,"column":75}},"86":{"start":{"line":185,"column":10},"end":{"line":185,"column":33}},"87":{"start":{"line":191,"column":2},"end":{"line":200,"column":7}},"88":{"start":{"line":193,"column":6},"end":{"line":195,"column":69}},"89":{"start":{"line":198,"column":6},"end":{"line":198,"column":65}},"90":{"start":{"line":199,"column":6},"end":{"line":199,"column":72}},"91":{"start":{"line":203,"column":0},"end":{"line":218,"column":2}},"92":{"start":{"line":204,"column":52},"end":{"line":204,"column":60}},"93":{"start":{"line":206,"column":2},"end":{"line":217,"column":3}},"94":{"start":{"line":207,"column":20},"end":{"line":207,"column":53}},"95":{"start":{"line":208,"column":4},"end":{"line":208,"column":43}},"96":{"start":{"line":209,"column":4},"end":{"line":209,"column":44}},"97":{"start":{"line":210,"column":4},"end":{"line":210,"column":40}},"98":{"start":{"line":212,"column":4},"end":{"line":212,"column":25}},"99":{"start":{"line":214,"column":4},"end":{"line":214,"column":67}},"100":{"start":{"line":216,"column":4},"end":{"line":216,"column":23}},"101":{"start":{"line":220,"column":0},"end":{"line":253,"column":2}},"102":{"start":{"line":221,"column":33},"end":{"line":221,"column":41}},"103":{"start":{"line":223,"column":2},"end":{"line":252,"column":3}},"104":{"start":{"line":224,"column":20},"end":{"line":224,"column":53}},"105":{"start":{"line":225,"column":26},"end":{"line":225,"column":28}},"106":{"start":{"line":227,"column":4},"end":{"line":231,"column":5}},"107":{"start":{"line":227,"column":17},"end":{"line":227,"column":18}},"108":{"start":{"line":228,"column":6},"end":{"line":230,"column":7}},"109":{"start":{"line":229,"column":8},"end":{"line":229,"column":50}},"110":{"start":{"line":233,"column":4},"end":{"line":233,"column":39}},"111":{"start":{"line":234,"column":27},"end":{"line":237,"column":5}},"112":{"start":{"line":239,"column":4},"end":{"line":239,"column":44}},"113":{"start":{"line":240,"column":4},"end":{"line":240,"column":43}},"114":{"start":{"line":242,"column":4},"end":{"line":242,"column":25}},"115":{"start":{"line":244,"column":4},"end":{"line":249,"column":7}},"116":{"start":{"line":251,"column":4},"end":{"line":251,"column":23}},"117":{"start":{"line":255,"column":0},"end":{"line":274,"column":2}},"118":{"start":{"line":256,"column":24},"end":{"line":256,"column":33}},"119":{"start":{"line":257,"column":19},"end":{"line":257,"column":27}},"120":{"start":{"line":259,"column":2},"end":{"line":273,"column":3}},"121":{"start":{"line":260,"column":4},"end":{"line":266,"column":6}},"122":{"start":{"line":268,"column":4},"end":{"line":270,"column":69}},"123":{"start":{"line":272,"column":4},"end":{"line":272,"column":23}},"124":{"start":{"line":276,"column":0},"end":{"line":288,"column":2}},"125":{"start":{"line":277,"column":24},"end":{"line":277,"column":34}},"126":{"start":{"line":279,"column":2},"end":{"line":287,"column":3}},"127":{"start":{"line":280,"column":4},"end":{"line":283,"column":6}},"128":{"start":{"line":284,"column":4},"end":{"line":284,"column":78}},"129":{"start":{"line":286,"column":4},"end":{"line":286,"column":23}},"130":{"start":{"line":290,"column":0},"end":{"line":304,"column":2}},"131":{"start":{"line":291,"column":24},"end":{"line":291,"column":34}},"132":{"start":{"line":293,"column":2},"end":{"line":303,"column":3}},"133":{"start":{"line":294,"column":4},"end":{"line":297,"column":6}},"134":{"start":{"line":298,"column":4},"end":{"line":300,"column":76}},"135":{"start":{"line":302,"column":4},"end":{"line":302,"column":23}}},"fnMap":{"0":{"name":"(anonymous_0)","decl":{"start":{"line":9,"column":24},"end":{"line":9,"column":25}},"loc":{"start":{"line":9,"column":56},"end":{"line":41,"column":1}},"line":9},"1":{"name":"(anonymous_1)","decl":{"start":{"line":43,"column":22},"end":{"line":43,"column":23}},"loc":{"start":{"line":43,"column":54},"end":{"line":77,"column":1}},"line":43},"2":{"name":"(anonymous_2)","decl":{"start":{"line":79,"column":21},"end":{"line":79,"column":22}},"loc":{"start":{"line":79,"column":53},"end":{"line":95,"column":1}},"line":79},"3":{"name":"(anonymous_3)","decl":{"start":{"line":97,"column":25},"end":{"line":97,"column":26}},"loc":{"start":{"line":97,"column":57},"end":{"line":109,"column":1}},"line":97},"4":{"name":"(anonymous_4)","decl":{"start":{"line":111,"column":20},"end":{"line":111,"column":21}},"loc":{"start":{"line":111,"column":52},"end":{"line":201,"column":1}},"line":111},"5":{"name":"(anonymous_5)","decl":{"start":{"line":133,"column":4},"end":{"line":133,"column":5}},"loc":{"start":{"line":133,"column":12},"end":{"line":133,"column":40}},"line":133},"6":{"name":"(anonymous_6)","decl":{"start":{"line":170,"column":42},"end":{"line":170,"column":43}},"loc":{"start":{"line":170,"column":60},"end":{"line":189,"column":3}},"line":170},"7":{"name":"(anonymous_7)","decl":{"start":{"line":171,"column":23},"end":{"line":171,"column":24}},"loc":{"start":{"line":171,"column":44},"end":{"line":188,"column":5}},"line":171},"8":{"name":"(anonymous_8)","decl":{"start":{"line":179,"column":40},"end":{"line":179,"column":41}},"loc":{"start":{"line":179,"column":57},"end":{"line":187,"column":7}},"line":179},"9":{"name":"(anonymous_9)","decl":{"start":{"line":192,"column":10},"end":{"line":192,"column":11}},"loc":{"start":{"line":192,"column":25},"end":{"line":196,"column":5}},"line":192},"10":{"name":"(anonymous_10)","decl":{"start":{"line":197,"column":11},"end":{"line":197,"column":12}},"loc":{"start":{"line":197,"column":22},"end":{"line":200,"column":5}},"line":197},"11":{"name":"(anonymous_11)","decl":{"start":{"line":203,"column":21},"end":{"line":203,"column":22}},"loc":{"start":{"line":203,"column":53},"end":{"line":218,"column":1}},"line":203},"12":{"name":"(anonymous_12)","decl":{"start":{"line":220,"column":23},"end":{"line":220,"column":24}},"loc":{"start":{"line":220,"column":55},"end":{"line":253,"column":1}},"line":220},"13":{"name":"(anonymous_13)","decl":{"start":{"line":255,"column":25},"end":{"line":255,"column":26}},"loc":{"start":{"line":255,"column":57},"end":{"line":274,"column":1}},"line":255},"14":{"name":"(anonymous_14)","decl":{"start":{"line":276,"column":25},"end":{"line":276,"column":26}},"loc":{"start":{"line":276,"column":57},"end":{"line":288,"column":1}},"line":276},"15":{"name":"(anonymous_15)","decl":{"start":{"line":290,"column":31},"end":{"line":290,"column":32}},"loc":{"start":{"line":290,"column":63},"end":{"line":304,"column":1}},"line":290}},"branchMap":{"0":{"loc":{"start":{"line":47,"column":4},"end":{"line":73,"column":5}},"type":"if","locations":[{"start":{"line":47,"column":4},"end":{"line":73,"column":5}},{"start":{"line":58,"column":11},"end":{"line":73,"column":5}}],"line":47},"1":{"loc":{"start":{"line":87,"column":4},"end":{"line":91,"column":5}},"type":"if","locations":[{"start":{"line":87,"column":4},"end":{"line":91,"column":5}},{"start":{"line":89,"column":11},"end":{"line":91,"column":5}}],"line":87},"2":{"loc":{"start":{"line":101,"column":4},"end":{"line":105,"column":5}},"type":"if","locations":[{"start":{"line":101,"column":4},"end":{"line":105,"column":5}},{"start":{"line":103,"column":11},"end":{"line":105,"column":5}}],"line":101},"3":{"loc":{"start":{"line":139,"column":4},"end":{"line":143,"column":5}},"type":"if","locations":[{"start":{"line":139,"column":4},"end":{"line":143,"column":5}},{"start":{},"end":{}}],"line":139},"4":{"loc":{"start":{"line":157,"column":4},"end":{"line":163,"column":5}},"type":"if","locations":[{"start":{"line":157,"column":4},"end":{"line":163,"column":5}},{"start":{},"end":{}}],"line":157},"5":{"loc":{"start":{"line":180,"column":8},"end":{"line":186,"column":9}},"type":"if","locations":[{"start":{"line":180,"column":8},"end":{"line":186,"column":9}},{"start":{"line":183,"column":15},"end":{"line":186,"column":9}}],"line":180},"6":{"loc":{"start":{"line":228,"column":6},"end":{"line":230,"column":7}},"type":"if","locations":[{"start":{"line":228,"column":6},"end":{"line":230,"column":7}},{"start":{},"end":{}}],"line":228}},"s":{"0":1,"1":1,"2":1,"3":1,"4":1,"5":2,"6":2,"7":2,"8":2,"9":2,"10":2,"11":2,"12":4,"13":2,"14":2,"15":2,"16":4,"17":2,"18":0,"19":1,"20":3,"21":3,"22":3,"23":1,"24":1,"25":1,"26":1,"27":1,"28":1,"29":1,"30":2,"31":2,"32":2,"33":2,"34":0,"35":1,"36":0,"37":0,"38":0,"39":0,"40":0,"41":0,"42":0,"43":0,"44":1,"45":0,"46":0,"47":0,"48":0,"49":0,"50":0,"51":1,"52":0,"53":0,"54":0,"55":0,"56":0,"57":0,"58":0,"59":0,"60":0,"61":0,"62":0,"63":0,"64":0,"65":0,"66":0,"67":0,"68":0,"69":0,"70":0,"71":0,"72":0,"73":0,"74":0,"75":0,"76":0,"77":0,"78":0,"79":0,"80":0,"81":0,"82":0,"83":0,"84":0,"85":0,"86":0,"87":0,"88":0,"89":0,"90":0,"91":1,"92":0,"93":0,"94":0,"95":0,"96":0,"97":0,"98":0,"99":0,"100":0,"101":1,"102":0,"103":0,"104":0,"105":0,"106":0,"107":0,"108":0,"109":0,"110":0,"111":0,"112":0,"113":0,"114":0,"115":0,"116":0,"117":1,"118":0,"119":0,"120":0,"121":0,"122":0,"123":0,"124":1,"125":0,"126":0,"127":0,"128":0,"129":0,"130":1,"131":0,"132":0,"133":0,"134":0,"135":0},"f":{"0":2,"1":3,"2":0,"3":0,"4":0,"5":0,"6":0,"7":0,"8":0,"9":0,"10":0,"11":0,"12":0,"13":0,"14":0,"15":0},"b":{"0":[1,2],"1":[0,0],"2":[0,0],"3":[0,0],"4":[0,0],"5":[0,0],"6":[0,0]},"_coverageSchema":"1a1c01bbd47fc00a2c39e90264f33305004495a9","hash":"53f6761e963e3fadea240be9792d3050fdda1daf"}
,"/Users/seunggyukim/Desktop/Tech story/Server/src/models/Article.js": {"path":"/Users/seunggyukim/Desktop/Tech story/Server/src/models/Article.js","statementMap":{"0":{"start":{"line":1,"column":17},"end":{"line":1,"column":36}},"1":{"start":{"line":3,"column":23},"end":{"line":17,"column":2}},"2":{"start":{"line":19,"column":22},"end":{"line":52,"column":2}},"3":{"start":{"line":54,"column":0},"end":{"line":54,"column":58}}},"fnMap":{},"branchMap":{},"s":{"0":1,"1":1,"2":1,"3":1},"f":{},"b":{},"_coverageSchema":"1a1c01bbd47fc00a2c39e90264f33305004495a9","hash":"588255ee0817740ca440a5be8a2a88bb5e50a7a5"}
,"/Users/seunggyukim/Desktop/Tech story/Server/src/models/User.js": {"path":"/Users/seunggyukim/Desktop/Tech story/Server/src/models/User.js","statementMap":{"0":{"start":{"line":1,"column":17},"end":{"line":1,"column":36}},"1":{"start":{"line":3,"column":19},"end":{"line":34,"column":2}},"2":{"start":{"line":36,"column":0},"end":{"line":36,"column":52}}},"fnMap":{},"branchMap":{},"s":{"0":1,"1":1,"2":1},"f":{},"b":{},"_coverageSchema":"1a1c01bbd47fc00a2c39e90264f33305004495a9","hash":"39cbe9f62ec0e8b6ae9eb779b00650676cb9e06b"}
,"/Users/seunggyukim/Desktop/Tech story/Server/src/utils/deleteHighlightedReview.js": {"path":"/Users/seunggyukim/Desktop/Tech story/Server/src/utils/deleteHighlightedReview.js","statementMap":{"0":{"start":{"line":1,"column":14},"end":{"line":1,"column":30}},"1":{"start":{"line":2,"column":18},"end":{"line":2,"column":23}},"2":{"start":{"line":4,"column":0},"end":{"line":18,"column":2}},"3":{"start":{"line":5,"column":14},"end":{"line":5,"column":35}},"4":{"start":{"line":6,"column":19},"end":{"line":6,"column":38}},"5":{"start":{"line":7,"column":17},"end":{"line":7,"column":49}},"6":{"start":{"line":9,"column":2},"end":{"line":15,"column":3}},"7":{"start":{"line":10,"column":19},"end":{"line":10,"column":36}},"8":{"start":{"line":11,"column":4},"end":{"line":13,"column":5}},"9":{"start":{"line":12,"column":6},"end":{"line":12,"column":53}},"10":{"start":{"line":14,"column":4},"end":{"line":14,"column":31}},"11":{"start":{"line":17,"column":2},"end":{"line":17,"column":44}},"12":{"start":{"line":20,"column":0},"end":{"line":30,"column":2}},"13":{"start":{"line":21,"column":14},"end":{"line":21,"column":35}},"14":{"start":{"line":22,"column":19},"end":{"line":22,"column":38}},"15":{"start":{"line":24,"column":2},"end":{"line":27,"column":5}},"16":{"start":{"line":25,"column":21},"end":{"line":25,"column":62}},"17":{"start":{"line":26,"column":4},"end":{"line":26,"column":49}},"18":{"start":{"line":29,"column":2},"end":{"line":29,"column":44}}},"fnMap":{"0":{"name":"(anonymous_0)","decl":{"start":{"line":4,"column":34},"end":{"line":4,"column":35}},"loc":{"start":{"line":4,"column":65},"end":{"line":18,"column":1}},"line":4},"1":{"name":"(anonymous_1)","decl":{"start":{"line":20,"column":38},"end":{"line":20,"column":39}},"loc":{"start":{"line":20,"column":60},"end":{"line":30,"column":1}},"line":20},"2":{"name":"(anonymous_2)","decl":{"start":{"line":24,"column":48},"end":{"line":24,"column":49}},"loc":{"start":{"line":24,"column":58},"end":{"line":27,"column":3}},"line":24}},"branchMap":{"0":{"loc":{"start":{"line":9,"column":2},"end":{"line":15,"column":3}},"type":"if","locations":[{"start":{"line":9,"column":2},"end":{"line":15,"column":3}},{"start":{},"end":{}}],"line":9}},"s":{"0":1,"1":1,"2":1,"3":0,"4":0,"5":0,"6":0,"7":0,"8":0,"9":0,"10":0,"11":0,"12":1,"13":0,"14":0,"15":0,"16":0,"17":0,"18":0},"f":{"0":0,"1":0,"2":0},"b":{"0":[0,0]},"_coverageSchema":"1a1c01bbd47fc00a2c39e90264f33305004495a9","hash":"7f7a48f37f0ff789f2cff4383b4b21620c8ef82d"}
}
