TN:
SF:src/controllers/articles.controller.js
FN:9,(anonymous_0)
FN:43,(anonymous_1)
FN:79,(anonymous_2)
FN:97,(anonymous_3)
FN:111,(anonymous_4)
FN:133,(anonymous_5)
FN:170,(anonymous_6)
FN:171,(anonymous_7)
FN:179,(anonymous_8)
FN:192,(anonymous_9)
FN:197,(anonymous_10)
FN:203,(anonymous_11)
FN:220,(anonymous_12)
FN:255,(anonymous_13)
FN:276,(anonymous_14)
FN:290,(anonymous_15)
FNF:16
FNH:2
FNDA:2,(anonymous_0)
FNDA:3,(anonymous_1)
FNDA:0,(anonymous_2)
FNDA:0,(anonymous_3)
FNDA:0,(anonymous_4)
FNDA:0,(anonymous_5)
FNDA:0,(anonymous_6)
FNDA:0,(anonymous_7)
FNDA:0,(anonymous_8)
FNDA:0,(anonymous_9)
FNDA:0,(anonymous_10)
FNDA:0,(anonymous_11)
FNDA:0,(anonymous_12)
FNDA:0,(anonymous_13)
FNDA:0,(anonymous_14)
FNDA:0,(anonymous_15)
DA:1,1
DA:2,1
DA:3,1
DA:7,1
DA:9,1
DA:10,2
DA:12,2
DA:13,2
DA:14,2
DA:15,2
DA:16,2
DA:18,2
DA:19,4
DA:22,2
DA:23,2
DA:28,2
DA:29,4
DA:35,2
DA:39,0
DA:43,1
DA:44,3
DA:46,3
DA:47,3
DA:48,1
DA:50,1
DA:51,1
DA:52,1
DA:53,1
DA:55,1
DA:57,1
DA:59,2
DA:67,2
DA:71,2
DA:72,2
DA:75,0
DA:79,1
DA:80,0
DA:82,0
DA:83,0
DA:85,0
DA:87,0
DA:88,0
DA:90,0
DA:93,0
DA:97,1
DA:98,0
DA:99,0
DA:101,0
DA:102,0
DA:104,0
DA:107,0
DA:111,1
DA:112,0
DA:114,0
DA:115,0
DA:126,0
DA:128,0
DA:129,0
DA:132,0
DA:133,0
DA:136,0
DA:137,0
DA:139,0
DA:140,0
DA:146,0
DA:148,0
DA:149,0
DA:151,0
DA:154,0
DA:155,0
DA:157,0
DA:158,0
DA:160,0
DA:166,0
DA:168,0
DA:170,0
DA:171,0
DA:172,0
DA:179,0
DA:180,0
DA:181,0
DA:182,0
DA:184,0
DA:185,0
DA:191,0
DA:193,0
DA:198,0
DA:199,0
DA:203,1
DA:204,0
DA:206,0
DA:207,0
DA:208,0
DA:209,0
DA:210,0
DA:212,0
DA:214,0
DA:216,0
DA:220,1
DA:221,0
DA:223,0
DA:224,0
DA:225,0
DA:227,0
DA:228,0
DA:229,0
DA:233,0
DA:234,0
DA:239,0
DA:240,0
DA:242,0
DA:244,0
DA:251,0
DA:255,1
DA:256,0
DA:257,0
DA:259,0
DA:260,0
DA:268,0
DA:272,0
DA:276,1
DA:277,0
DA:279,0
DA:280,0
DA:284,0
DA:286,0
DA:290,1
DA:291,0
DA:293,0
DA:294,0
DA:298,0
DA:302,0
LF:132
LH:41
BRDA:47,0,0,1
BRDA:47,0,1,2
BRDA:87,1,0,0
BRDA:87,1,1,0
BRDA:101,2,0,0
BRDA:101,2,1,0
BRDA:139,3,0,0
BRDA:139,3,1,0
BRDA:157,4,0,0
BRDA:157,4,1,0
BRDA:180,5,0,0
BRDA:180,5,1,0
BRDA:228,6,0,0
BRDA:228,6,1,0
BRF:14
BRH:2
end_of_record
TN:
SF:src/models/Article.js
FNF:0
FNH:0
DA:1,1
DA:3,1
DA:19,1
DA:54,1
LF:4
LH:4
BRF:0
BRH:0
end_of_record
TN:
SF:src/models/User.js
FNF:0
FNH:0
DA:1,1
DA:3,1
DA:36,1
LF:3
LH:3
BRF:0
BRH:0
end_of_record
TN:
SF:src/utils/deleteHighlightedReview.js
FN:4,(anonymous_0)
FN:20,(anonymous_1)
FN:24,(anonymous_2)
FNF:3
FNH:0
FNDA:0,(anonymous_0)
FNDA:0,(anonymous_1)
FNDA:0,(anonymous_2)
DA:1,1
DA:2,1
DA:4,1
DA:5,0
DA:6,0
DA:7,0
DA:9,0
DA:10,0
DA:11,0
DA:12,0
DA:14,0
DA:17,0
DA:20,1
DA:21,0
DA:22,0
DA:24,0
DA:25,0
DA:26,0
DA:29,0
LF:19
LH:4
BRDA:9,0,0,0
BRDA:9,0,1,0
BRF:2
BRH:0
end_of_record
